<?xml version="1.0" encoding="UTF-8"?>
<!-- Generated by org.testng.reporters.JUnitXMLReporter -->
<testsuite ignored="0" hostname="Z422" failures="0" tests="10" name="Test" time="158.821" errors="0" timestamp="2023-05-03T15:28:31 IST">
  <testcase classname="com.rhinestone.testcase.TC003_LFemptytest" name="loginWithEmptyCredentials" time="4.201"/>
  <testcase classname="com.rhinestone.testcase.TC001_LFvaliddatatest" name="loginWithValidCredentials" time="3.47"/>
  <testcase classname="com.rhinestone.testcase.TC007_IFproductpagetest" name="inventoryProductTest" time="2.91"/>
  <testcase classname="com.rhinestone.testcase.TC009_ACcontinebttntest" name="shoppingCartPage" time="1.702"/>
  <testcase classname="com.rhinestone.testcase.TC002_LFinvalidtest" name="loginWithInValidCredentials" time="0.842"/>
  <testcase classname="com.rhinestone.testcase.TC004_LFvalidnametest" name="loginWithValidUserName" time="0.732"/>
  <testcase classname="com.rhinestone.testcase.TC005_IFproducttest" name="inventoryProductTest" time="1.129"/>
  <testcase classname="com.rhinestone.testcase.TC010_ACprdtaddtest" name="shoppingCartPage" time="1.994"/>
  <testcase classname="com.rhinestone.testcase.TC006_IFsortprdttest" name="inventoryProductSortTest" time="1.599"/>
  <testcase classname="com.rhinestone.testcase.TC008_ACaddprdttest" name="shoppingCartPage" time="1.195"/>
</testsuite> <!-- Test -->
