<?xml version="1.0" encoding="UTF-8"?>
<testng-results ignored="0" total="10" passed="10" failed="0" skipped="0">
  <reporter-output>
  </reporter-output>
  <suite started-at="2023-05-03T15:25:49 IST" name="Suite" finished-at="2023-05-03T15:28:28 IST" duration-ms="158821">
    <groups>
    </groups>
    <test started-at="2023-05-03T15:25:49 IST" name="Test" finished-at="2023-05-03T15:28:28 IST" duration-ms="158821">
      <class name="com.rhinestone.testcase.TC008_ACaddprdttest">
        <test-method is-config="true" signature="setUp()[pri:0, instance:com.rhinestone.testcase.TC008_ACaddprdttest@aafcffa]" started-at="2023-05-03T15:28:20 IST" name="setUp" finished-at="2023-05-03T15:28:26 IST" duration-ms="5575" status="PASS">
          <reporter-output>
          </reporter-output>
        </test-method> <!-- setUp -->
        <test-method signature="shoppingCartPage(java.lang.String)[pri:0, instance:com.rhinestone.testcase.TC008_ACaddprdttest@aafcffa]" started-at="2023-05-03T15:28:26 IST" name="shoppingCartPage" data-provider="datasuppy" finished-at="2023-05-03T15:28:27 IST" duration-ms="1195" status="PASS">
          <params>
            <param index="0">
              <value>
                <![CDATA[standard_user,secret_sauce,Sauce Labs Backpack]]>
              </value>
            </param>
          </params>
          <reporter-output>
          </reporter-output>
        </test-method> <!-- shoppingCartPage -->
        <test-method is-config="true" signature="tearDown()[pri:0, instance:com.rhinestone.testcase.TC008_ACaddprdttest@aafcffa]" started-at="2023-05-03T15:28:27 IST" name="tearDown" finished-at="2023-05-03T15:28:28 IST" duration-ms="601" status="PASS">
          <reporter-output>
          </reporter-output>
        </test-method> <!-- tearDown -->
      </class> <!-- com.rhinestone.testcase.TC008_ACaddprdttest -->
      <class name="com.rhinestone.testcase.TC004_LFvalidnametest">
        <test-method is-config="true" signature="setUp()[pri:0, instance:com.rhinestone.testcase.TC004_LFvalidnametest@349c1daf]" started-at="2023-05-03T15:27:47 IST" name="setUp" finished-at="2023-05-03T15:27:52 IST" duration-ms="5210" status="PASS">
          <reporter-output>
          </reporter-output>
        </test-method> <!-- setUp -->
        <test-method signature="loginWithValidUserName(java.util.HashMap)[pri:0, instance:com.rhinestone.testcase.TC004_LFvalidnametest@349c1daf]" started-at="2023-05-03T15:27:53 IST" name="loginWithValidUserName" data-provider="datasuppy" finished-at="2023-05-03T15:27:53 IST" duration-ms="732" status="PASS">
          <params>
            <param index="0">
              <value>
                <![CDATA[{Runmode=Y, ExpectedResult=Failure, Username=standard_user, Browser=Edge, Password=561234}]]>
              </value>
            </param>
          </params>
          <reporter-output>
          </reporter-output>
        </test-method> <!-- loginWithValidUserName -->
        <test-method is-config="true" signature="tearDown()[pri:0, instance:com.rhinestone.testcase.TC004_LFvalidnametest@349c1daf]" started-at="2023-05-03T15:27:53 IST" name="tearDown" finished-at="2023-05-03T15:27:54 IST" duration-ms="612" status="PASS">
          <reporter-output>
          </reporter-output>
        </test-method> <!-- tearDown -->
      </class> <!-- com.rhinestone.testcase.TC004_LFvalidnametest -->
      <class name="com.rhinestone.testcase.TC002_LFinvalidtest">
        <test-method is-config="true" signature="setUp()[pri:0, instance:com.rhinestone.testcase.TC002_LFinvalidtest@37ddb69a]" started-at="2023-05-03T15:27:40 IST" name="setUp" finished-at="2023-05-03T15:27:46 IST" duration-ms="5557" status="PASS">
          <reporter-output>
          </reporter-output>
        </test-method> <!-- setUp -->
        <test-method signature="loginWithInValidCredentials(java.lang.String)[pri:0, instance:com.rhinestone.testcase.TC002_LFinvalidtest@37ddb69a]" started-at="2023-05-03T15:27:46 IST" name="loginWithInValidCredentials" data-provider="datasuppy" finished-at="2023-05-03T15:27:46 IST" duration-ms="842" status="PASS">
          <params>
            <param index="0">
              <value>
                <![CDATA[xyz123,fgty123]]>
              </value>
            </param>
          </params>
          <reporter-output>
          </reporter-output>
        </test-method> <!-- loginWithInValidCredentials -->
        <test-method is-config="true" signature="tearDown()[pri:0, instance:com.rhinestone.testcase.TC002_LFinvalidtest@37ddb69a]" started-at="2023-05-03T15:27:46 IST" name="tearDown" finished-at="2023-05-03T15:27:47 IST" duration-ms="627" status="PASS">
          <reporter-output>
          </reporter-output>
        </test-method> <!-- tearDown -->
      </class> <!-- com.rhinestone.testcase.TC002_LFinvalidtest -->
      <class name="com.rhinestone.testcase.TC001_LFvaliddatatest">
        <test-method is-config="true" signature="setUp()[pri:0, instance:com.rhinestone.testcase.TC001_LFvaliddatatest@58fb7731]" started-at="2023-05-03T15:26:36 IST" name="setUp" finished-at="2023-05-03T15:26:54 IST" duration-ms="17871" status="PASS">
          <reporter-output>
          </reporter-output>
        </test-method> <!-- setUp -->
        <test-method signature="loginWithValidCredentials(java.util.HashMap)[pri:0, instance:com.rhinestone.testcase.TC001_LFvaliddatatest@58fb7731]" started-at="2023-05-03T15:27:08 IST" name="loginWithValidCredentials" data-provider="datasuppy" finished-at="2023-05-03T15:27:11 IST" duration-ms="3470" status="PASS">
          <params>
            <param index="0">
              <value>
                <![CDATA[{Runmode=Y, ExpectedResult=Success, Username=standard_user, Browser=Chrome, Password=secret_sauce}]]>
              </value>
            </param>
          </params>
          <reporter-output>
          </reporter-output>
        </test-method> <!-- loginWithValidCredentials -->
        <test-method is-config="true" signature="tearDown()[pri:0, instance:com.rhinestone.testcase.TC001_LFvaliddatatest@58fb7731]" started-at="2023-05-03T15:27:11 IST" name="tearDown" finished-at="2023-05-03T15:27:13 IST" duration-ms="1478" status="PASS">
          <reporter-output>
          </reporter-output>
        </test-method> <!-- tearDown -->
      </class> <!-- com.rhinestone.testcase.TC001_LFvaliddatatest -->
      <class name="com.rhinestone.testcase.TC006_IFsortprdttest">
        <test-method is-config="true" signature="setUp()[pri:0, instance:com.rhinestone.testcase.TC006_IFsortprdttest@5e8ac0e1]" started-at="2023-05-03T15:28:12 IST" name="setUp" finished-at="2023-05-03T15:28:18 IST" duration-ms="6541" status="PASS">
          <reporter-output>
          </reporter-output>
        </test-method> <!-- setUp -->
        <test-method signature="inventoryProductSortTest(java.lang.String)[pri:0, instance:com.rhinestone.testcase.TC006_IFsortprdttest@5e8ac0e1]" started-at="2023-05-03T15:28:18 IST" name="inventoryProductSortTest" data-provider="datasuppy" finished-at="2023-05-03T15:28:20 IST" duration-ms="1599" status="PASS">
          <params>
            <param index="0">
              <value>
                <![CDATA[standard_user,secret_sauce,Name (Z to A),Test.allTheThings() T-Shirt (Red)]]>
              </value>
            </param>
          </params>
          <reporter-output>
          </reporter-output>
        </test-method> <!-- inventoryProductSortTest -->
        <test-method is-config="true" signature="tearDown()[pri:0, instance:com.rhinestone.testcase.TC006_IFsortprdttest@5e8ac0e1]" started-at="2023-05-03T15:28:20 IST" name="tearDown" finished-at="2023-05-03T15:28:20 IST" duration-ms="527" status="PASS">
          <reporter-output>
          </reporter-output>
        </test-method> <!-- tearDown -->
      </class> <!-- com.rhinestone.testcase.TC006_IFsortprdttest -->
      <class name="com.rhinestone.testcase.TC010_ACprdtaddtest">
        <test-method is-config="true" signature="setUp()[pri:0, instance:com.rhinestone.testcase.TC010_ACprdtaddtest@4b9df8a]" started-at="2023-05-03T15:28:02 IST" name="setUp" finished-at="2023-05-03T15:28:09 IST" duration-ms="7276" status="PASS">
          <reporter-output>
          </reporter-output>
        </test-method> <!-- setUp -->
        <test-method signature="shoppingCartPage(java.lang.String)[pri:0, instance:com.rhinestone.testcase.TC010_ACprdtaddtest@4b9df8a]" started-at="2023-05-03T15:28:09 IST" name="shoppingCartPage" data-provider="datasuppy" finished-at="2023-05-03T15:28:11 IST" duration-ms="1994" status="PASS">
          <params>
            <param index="0">
              <value>
                <![CDATA[standard_user,secret_sauce,Sauce Labs Backpack]]>
              </value>
            </param>
          </params>
          <reporter-output>
          </reporter-output>
        </test-method> <!-- shoppingCartPage -->
        <test-method is-config="true" signature="tearDown()[pri:0, instance:com.rhinestone.testcase.TC010_ACprdtaddtest@4b9df8a]" started-at="2023-05-03T15:28:11 IST" name="tearDown" finished-at="2023-05-03T15:28:12 IST" duration-ms="746" status="PASS">
          <reporter-output>
          </reporter-output>
        </test-method> <!-- tearDown -->
      </class> <!-- com.rhinestone.testcase.TC010_ACprdtaddtest -->
      <class name="com.rhinestone.testcase.TC005_IFproducttest">
        <test-method is-config="true" signature="setUp()[pri:0, instance:com.rhinestone.testcase.TC005_IFproducttest@dfddc9a]" started-at="2023-05-03T15:27:54 IST" name="setUp" finished-at="2023-05-03T15:28:00 IST" duration-ms="6105" status="PASS">
          <reporter-output>
          </reporter-output>
        </test-method> <!-- setUp -->
        <test-method signature="inventoryProductTest(java.lang.String)[pri:0, instance:com.rhinestone.testcase.TC005_IFproducttest@dfddc9a]" started-at="2023-05-03T15:28:00 IST" name="inventoryProductTest" data-provider="datasuppy" finished-at="2023-05-03T15:28:01 IST" duration-ms="1129" status="PASS">
          <params>
            <param index="0">
              <value>
                <![CDATA[standard_user,secret_sauce,Sauce Labs Backpack]]>
              </value>
            </param>
          </params>
          <reporter-output>
          </reporter-output>
        </test-method> <!-- inventoryProductTest -->
        <test-method is-config="true" signature="tearDown()[pri:0, instance:com.rhinestone.testcase.TC005_IFproducttest@dfddc9a]" started-at="2023-05-03T15:28:01 IST" name="tearDown" finished-at="2023-05-03T15:28:02 IST" duration-ms="494" status="PASS">
          <reporter-output>
          </reporter-output>
        </test-method> <!-- tearDown -->
      </class> <!-- com.rhinestone.testcase.TC005_IFproducttest -->
      <class name="com.rhinestone.testcase.TC009_ACcontinebttntest">
        <test-method is-config="true" signature="setUp()[pri:0, instance:com.rhinestone.testcase.TC009_ACcontinebttntest@3fb6cf60]" started-at="2023-05-03T15:27:30 IST" name="setUp" finished-at="2023-05-03T15:27:38 IST" duration-ms="7228" status="PASS">
          <reporter-output>
          </reporter-output>
        </test-method> <!-- setUp -->
        <test-method signature="shoppingCartPage(java.lang.String)[pri:0, instance:com.rhinestone.testcase.TC009_ACcontinebttntest@3fb6cf60]" started-at="2023-05-03T15:27:38 IST" name="shoppingCartPage" data-provider="datasuppy" finished-at="2023-05-03T15:27:39 IST" duration-ms="1702" status="PASS">
          <params>
            <param index="0">
              <value>
                <![CDATA[standard_user,secret_sauce,Sauce Labs Backpack]]>
              </value>
            </param>
          </params>
          <reporter-output>
          </reporter-output>
        </test-method> <!-- shoppingCartPage -->
        <test-method is-config="true" signature="tearDown()[pri:0, instance:com.rhinestone.testcase.TC009_ACcontinebttntest@3fb6cf60]" started-at="2023-05-03T15:27:39 IST" name="tearDown" finished-at="2023-05-03T15:27:40 IST" duration-ms="627" status="PASS">
          <reporter-output>
          </reporter-output>
        </test-method> <!-- tearDown -->
      </class> <!-- com.rhinestone.testcase.TC009_ACcontinebttntest -->
      <class name="com.rhinestone.testcase.TC007_IFproductpagetest">
        <test-method is-config="true" signature="setUp()[pri:0, instance:com.rhinestone.testcase.TC007_IFproductpagetest@13e547a9]" started-at="2023-05-03T15:27:13 IST" name="setUp" finished-at="2023-05-03T15:27:25 IST" duration-ms="12481" status="PASS">
          <reporter-output>
          </reporter-output>
        </test-method> <!-- setUp -->
        <test-method signature="inventoryProductTest(java.lang.String)[pri:0, instance:com.rhinestone.testcase.TC007_IFproductpagetest@13e547a9]" started-at="2023-05-03T15:27:26 IST" name="inventoryProductTest" data-provider="datasuppy" finished-at="2023-05-03T15:27:29 IST" duration-ms="2910" status="PASS">
          <params>
            <param index="0">
              <value>
                <![CDATA[standard_user,secret_sauce,Sauce Labs Backpack]]>
              </value>
            </param>
          </params>
          <reporter-output>
          </reporter-output>
        </test-method> <!-- inventoryProductTest -->
        <test-method is-config="true" signature="tearDown()[pri:0, instance:com.rhinestone.testcase.TC007_IFproductpagetest@13e547a9]" started-at="2023-05-03T15:27:29 IST" name="tearDown" finished-at="2023-05-03T15:27:30 IST" duration-ms="1504" status="PASS">
          <reporter-output>
          </reporter-output>
        </test-method> <!-- tearDown -->
      </class> <!-- com.rhinestone.testcase.TC007_IFproductpagetest -->
      <class name="com.rhinestone.testcase.TC003_LFemptytest">
        <test-method is-config="true" signature="setUp()[pri:0, instance:com.rhinestone.testcase.TC003_LFemptytest@35390ee3]" started-at="2023-05-03T15:25:50 IST" name="setUp" finished-at="2023-05-03T15:26:26 IST" duration-ms="35439" status="PASS">
          <reporter-output>
          </reporter-output>
        </test-method> <!-- setUp -->
        <test-method signature="loginWithEmptyCredentials()[pri:0, instance:com.rhinestone.testcase.TC003_LFemptytest@35390ee3]" started-at="2023-05-03T15:26:26 IST" name="loginWithEmptyCredentials" finished-at="2023-05-03T15:26:30 IST" duration-ms="4201" status="PASS">
          <reporter-output>
          </reporter-output>
        </test-method> <!-- loginWithEmptyCredentials -->
        <test-method is-config="true" signature="tearDown()[pri:0, instance:com.rhinestone.testcase.TC003_LFemptytest@35390ee3]" started-at="2023-05-03T15:26:30 IST" name="tearDown" finished-at="2023-05-03T15:26:36 IST" duration-ms="5812" status="PASS">
          <reporter-output>
          </reporter-output>
        </test-method> <!-- tearDown -->
      </class> <!-- com.rhinestone.testcase.TC003_LFemptytest -->
    </test> <!-- Test -->
  </suite> <!-- Suite -->
</testng-results>
